#
# A fatal error has been detected by the Java Runtime Environment:
#
#  EXCEPTION_ACCESS_VIOLATION (0xc0000005) at pc=0x00007ff86bbccac8, pid=1944, tid=11724
#
# JRE version: OpenJDK Runtime Environment Temurin-17.0.11+9 (17.0.11+9) (build 17.0.11+9)
# Java VM: OpenJDK 64-Bit Server VM Temurin-17.0.11+9 (17.0.11+9, mixed mode, tiered, compressed oops, compressed class ptrs, parallel gc, windows-amd64)
# Problematic frame:
# V  [jvm.dll+0xcac8]
#
# No core dump will be written. Minidumps are not enabled by default on client versions of Windows
#
# If you would like to submit a bug report, please visit:
#   https://github.com/adoptium/adoptium-support/issues
#

---------------  S U M M A R Y ------------

Command Line: --add-modules=ALL-SYSTEM --add-opens=java.base/java.util=ALL-UNNAMED --add-opens=java.base/java.lang=ALL-UNNAMED --add-opens=java.base/sun.nio.fs=ALL-UNNAMED -Declipse.application=org.eclipse.jdt.ls.core.id1 -Dosgi.bundles.defaultStartLevel=4 -Declipse.product=org.eclipse.jdt.ls.core.product -Djava.import.generatesMetadataFilesAtProjectRoot=false -DDetectVMInstallationsJob.disabled=true -Dfile.encoding=utf8 -XX:+UseParallelGC -XX:GCTimeRatio=4 -XX:AdaptiveSizePolicyWeight=90 -Dsun.zip.disableMemoryMapping=true -Xmx1G -Xms100m -Xlog:disable -javaagent:c:\Users\DELL\.vscode\extensions\redhat.java-1.33.0-win32-x64\lombok\lombok-1.18.33.jar -XX:+HeapDumpOnOutOfMemoryError -XX:HeapDumpPath=c:\Users\DELL\AppData\Roaming\Code\User\workspaceStorage\6cce169fdd8ab8dfb576b09938951007\redhat.java -Daether.dependencyCollector.impl=bf c:\Users\DELL\.vscode\extensions\redhat.java-1.33.0-win32-x64\server\plugins\org.eclipse.equinox.launcher_1.6.900.v20240613-2009.jar -configuration c:\Users\DELL\AppData\Roaming\Code\User\globalStorage\redhat.java\1.33.0\config_win -data c:\Users\DELL\AppData\Roaming\Code\User\workspaceStorage\6cce169fdd8ab8dfb576b09938951007\redhat.java\jdt_ws --pipe=\\.\pipe\lsp-87eddf31ebc810e64b36b64780bacf2e-sock

Host: Intel(R) Core(TM) i5-7200U CPU @ 2.50GHz, 4 cores, 7G,  Windows 10 , 64 bit Build 19041 (10.0.19041.5072)
Time: Thu Nov 21 22:24:34 2024 Hora est. Pacífico, Sudamérica elapsed time: 71.213136 seconds (0d 0h 1m 11s)

---------------  T H R E A D  ---------------

Current thread (0x0000020f197c2a40):  GCTaskThread "GC Thread#1" [stack: 0x000000c599200000,0x000000c599300000] [id=11724]

Stack: [0x000000c599200000,0x000000c599300000],  sp=0x000000c5992ff918,  free space=1022k
Native frames: (J=compiled Java code, j=interpreted, Vv=VM code, C=native code)
V  [jvm.dll+0xcac8]


siginfo: EXCEPTION_ACCESS_VIOLATION (0xc0000005), reading address 0x0000000000000050


Registers:
RAX=0x0000000000000001, RBX=0x00000000c41066f0, RCX=0x0000000000000003, RDX=0x00000000c41066f0
RSP=0x000000c5992ff918, RBP=0x0000020f13ee7e50, RSI=0x0000000000000003, RDI=0x00000000c41066f4
R8 =0x0000000000000048, R9 =0x00000000000002d3, R10=0x00000000c4106730, R11=0x0000000000000082
R12=0x000000c5985fed38, R13=0x0000000000000010, R14=0x00000000c41066f8, R15=0x0000000000000000
RIP=0x00007ff86bbccac8, EFLAGS=0x0000000000010206


Register to memory mapping:

RIP=0x00007ff86bbccac8 jvm.dll
RAX=0x0000000000000001 is an unknown value
RBX=0x00000000c41066f0 is pointing into object: [Ljava.lang.String; 
{0x00000000c41066d0} - klass: 'java/lang/String'[]
 - length: 6
RCX=0x0000000000000003 is an unknown value
RDX=0x00000000c41066f0 is pointing into object: [Ljava.lang.String; 
{0x00000000c41066d0} - klass: 'java/lang/String'[]
 - length: 6
RSP=0x000000c5992ff918 points into unknown readable memory: 0x00007ff86c270428 | 28 04 27 6c f8 7f 00 00
RBP=0x0000020f13ee7e50 points into unknown readable memory: 0x0000020f7fa3d410 | 10 d4 a3 7f 0f 02 00 00
RSI=0x0000000000000003 is an unknown value
RDI=0x00000000c41066f4 is pointing into object: [Ljava.lang.String; 
{0x00000000c41066d0} - klass: 'java/lang/String'[]
 - length: 6
R8 =0x0000000000000048 is an unknown value
R9 =0x00000000000002d3 is an unknown value
R10=0x00000000c4106730 is an oop: java.lang.String 
{0x00000000c4106730} - klass: 'java/lang/String'
 - string: "println(float)"
R11=0x0000000000000082 is an unknown value
R12=0x000000c5985fed38 points into unknown readable memory: 0x0000000000000004 | 04 00 00 00 00 00 00 00
R13=0x0000000000000010 is an unknown value
R14=0x00000000c41066f8 is an oop: java.lang.String 
{0x00000000c41066f8} - klass: 'java/lang/String'
 - string: "println(long)"
R15=0x0 is NULL


Top of Stack: (sp=0x000000c5992ff918)
0x000000c5992ff918:   00007ff86c270428 00000000c4106730
0x000000c5992ff928:   00000000c41066f0 0000000000000000
0x000000c5992ff938:   00007ff86c6ec7c0 00007ff86c6ec7c0
0x000000c5992ff948:   00007ff86c270763 0000020f13ee7e50
0x000000c5992ff958:   00007ff86c4dbb80 00007ff86c5711c8
0x000000c5992ff968:   00000000000002cf 0000000000000000
0x000000c5992ff978:   00007ff800000000 0000020f13ee7e50
0x000000c5992ff988:   00007ff86c26e681 00000000c415fd30
0x000000c5992ff998:   00007ff86bdb6d14 00007ff86c4dbb80
0x000000c5992ff9a8:   0000020f7f983dc0 0000000100000003
0x000000c5992ff9b8:   0000020f13ee7e50 0000000000000000
0x000000c5992ff9c8:   0000000000000000 0000000000000001
0x000000c5992ff9d8:   000000c5985fed30 00007ff86c6ec7c0
0x000000c5992ff9e8:   000000000000000c 0000020f13ee7e50
0x000000c5992ff9f8:   00007ff86c278ee1 000000000000000c
0x000000c5992ffa08:   00007ff86c5711c8 0000020f13ee7e50
0x000000c5992ffa18:   00007ff86c5711c8 0000000000000000
0x000000c5992ffa28:   0000000000000000 00007ff86c5711c8
0x000000c5992ffa38:   0000020f7f983dc0 0000000000000003
0x000000c5992ffa48:   0000020f13ee7e50 0000000000000001
0x000000c5992ffa58:   000000c5985fed30 000000c5985fecf8
0x000000c5992ffa68:   000000c5985febf0 0000000000000001
0x000000c5992ffa78:   00007ff86c279dfa 0000000000000005
0x000000c5992ffa88:   000000c5992ffb00 00000000c3fdf488
0x000000c5992ffa98:   0000020f13ee7e50 000000c5985fef90
0x000000c5992ffaa8:   0000020f1918c1e0 0000000100000002
0x000000c5992ffab8:   0000020f13ee7e50 00007ff86c5719b8
0x000000c5992ffac8:   0000020f13ee7e50 00007ff86c571bc0
0x000000c5992ffad8:   0000000000000001 0000000000000000
0x000000c5992ffae8:   0000000000000000 0000000000000000
0x000000c5992ffaf8:   0000342e049195b4 0000000000000000
0x000000c5992ffb08:   0000020f197c2a40 0000000000000000 

Instructions: (pc=0x00007ff86bbccac8)
0x00007ff86bbcc9c8:   48 83 c4 20 5e c3 cc cc 48 8b 01 c3 cc cc cc cc
0x00007ff86bbcc9d8:   cc cc cc cc cc cc cc cc 4c 8b 01 4c 8b c9 48 8b
0x00007ff86bbcc9e8:   0d 23 61 b6 00 ba 44 60 08 00 e9 d9 f1 ff ff cc
0x00007ff86bbcc9f8:   cc cc cc cc cc cc cc cc 48 89 5c 24 08 57 48 83
0x00007ff86bbcca08:   ec 20 48 8b 39 48 8b d9 48 85 3d 41 4a bb 00 75
0x00007ff86bbcca18:   0e 48 8b c7 48 8b 5c 24 30 48 83 c4 20 5f c3 48
0x00007ff86bbcca28:   8b cf e8 f1 99 85 00 48 8b d0 48 85 c0 74 20 48
0x00007ff86bbcca38:   8b c7 f0 48 0f b1 13 74 16 48 85 05 10 4a bb 00
0x00007ff86bbcca48:   74 0d 48 8b c8 f0 48 0f b1 13 48 3b c1 75 ea 48
0x00007ff86bbcca58:   8b 5c 24 30 48 8b c2 48 83 c4 20 5f c3 cc cc cc
0x00007ff86bbcca68:   cc cc cc cc cc cc cc cc 4c 8b 01 4c 8b c9 48 8b
0x00007ff86bbcca78:   0d 93 60 b6 00 ba 64 60 08 00 e9 49 f1 ff ff cc
0x00007ff86bbcca88:   cc cc cc cc cc cc cc cc 8b 05 62 a8 b0 00 c3 cc
0x00007ff86bbcca98:   cc cc cc cc cc cc cc cc 0f b6 05 c0 68 b7 00 48
0x00007ff86bbccaa8:   8b d1 84 c0 74 16 44 8b 41 08 8b 0d 40 a8 b0 00
0x00007ff86bbccab8:   49 d3 e0 4c 03 05 2e a8 b0 00 eb 04 4c 8b 41 08
0x00007ff86bbccac8:   45 8b 50 08 45 85 d2 7e 0e 41 f6 c2 01 75 53 41
0x00007ff86bbccad8:   c1 fa 03 41 8b c2 c3 79 49 84 c0 b9 10 00 00 00
0x00007ff86bbccae8:   8b 05 46 b7 b0 00 41 b8 0c 00 00 00 41 0f 45 c8
0x00007ff86bbccaf8:   ff c8 4c 63 c8 48 63 14 11 41 8b ca 83 e1 3f 48
0x00007ff86bbccb08:   d3 e2 41 8b ca 48 c1 f9 10 0f b6 c1 49 8d 0c 11
0x00007ff86bbccb18:   49 f7 d1 48 03 c1 49 c1 e9 03 48 c1 e8 03 41 23
0x00007ff86bbccb28:   c1 c3 49 8b 00 49 8b c8 48 ff a0 00 01 00 00 cc
0x00007ff86bbccb38:   cc cc cc cc cc cc cc cc 8b 44 24 30 45 03 c9 44
0x00007ff86bbccb48:   2b 4c 24 28 83 c0 0b 44 03 ca 45 03 c8 41 03 c1
0x00007ff86bbccb58:   c3 cc cc cc cc cc cc cc 4c 8b ca 48 8b d1 45 8b
0x00007ff86bbccb68:   41 08 45 85 c0 7e 0e 41 f6 c0 01 75 56 41 c1 f8
0x00007ff86bbccb78:   03 41 8b c0 c3 79 4c 80 3d e1 67 b7 00 00 b8 0c
0x00007ff86bbccb88:   00 00 00 b9 10 00 00 00 0f 45 c8 8b 05 9b b6 b0
0x00007ff86bbccb98:   00 ff c8 4c 63 c8 48 63 14 11 41 8b c8 83 e1 3f
0x00007ff86bbccba8:   48 d3 e2 41 8b c8 48 c1 f9 10 0f b6 c1 49 8d 0c
0x00007ff86bbccbb8:   11 49 f7 d1 48 03 c1 49 c1 e9 03 48 c1 e8 03 41 


Stack slot to memory mapping:
stack at sp + 0 slots: 0x00007ff86c270428 jvm.dll
stack at sp + 1 slots: 0x00000000c4106730 is an oop: java.lang.String 
{0x00000000c4106730} - klass: 'java/lang/String'
 - string: "println(float)"
stack at sp + 2 slots: 0x00000000c41066f0 is pointing into object: [Ljava.lang.String; 
{0x00000000c41066d0} - klass: 'java/lang/String'[]
 - length: 6
stack at sp + 3 slots: 0x0 is NULL
stack at sp + 4 slots: 0x00007ff86c6ec7c0 jvm.dll
stack at sp + 5 slots: 0x00007ff86c6ec7c0 jvm.dll
stack at sp + 6 slots: 0x00007ff86c270763 jvm.dll
stack at sp + 7 slots: 0x0000020f13ee7e50 points into unknown readable memory: 0x0000020f7fa3d410 | 10 d4 a3 7f 0f 02 00 00


---------------  P R O C E S S  ---------------

Threads class SMR info:
_java_thread_list=0x0000020f26056af0, length=41, elements={
0x0000020f7f983fa0, 0x0000020f13f81740, 0x0000020f13f82fe0, 0x0000020f13fab270,
0x0000020f13fac0f0, 0x0000020f13facf70, 0x0000020f13faeb40, 0x0000020f13fb1940,
0x0000020f19149f20, 0x0000020f1914e550, 0x0000020f13ebbfc0, 0x0000020f19390240,
0x0000020f19baac00, 0x0000020f19c4d090, 0x0000020f19e8ae60, 0x0000020f19b1b2d0,
0x0000020f1a108c30, 0x0000020f193d6490, 0x0000020f193d8d10, 0x0000020f193d8800,
0x0000020f193d73c0, 0x0000020f193d78d0, 0x0000020f193d9220, 0x0000020f193d7de0,
0x0000020f193d9730, 0x0000020f193d9c40, 0x0000020f193d82f0, 0x0000020f1c807a80,
0x0000020f1c801f60, 0x0000020f1c807f90, 0x0000020f1c806130, 0x0000020f1c808ec0,
0x0000020f1c8047e0, 0x0000020f1c802470, 0x0000020f1c801a50, 0x0000020f1c805200,
0x0000020f1c8089b0, 0x0000020f1c8084a0, 0x0000020f1c804cf0, 0x0000020f1c802980,
0x0000020f1b2e2820
}

Java Threads: ( => current thread )
  0x0000020f7f983fa0 JavaThread "main" [_thread_blocked, id=15828, stack(0x000000c598300000,0x000000c598400000)]
  0x0000020f13f81740 JavaThread "Reference Handler" daemon [_thread_blocked, id=6384, stack(0x000000c598600000,0x000000c598700000)]
  0x0000020f13f82fe0 JavaThread "Finalizer" daemon [_thread_blocked, id=15000, stack(0x000000c598700000,0x000000c598800000)]
  0x0000020f13fab270 JavaThread "Signal Dispatcher" daemon [_thread_blocked, id=14932, stack(0x000000c598800000,0x000000c598900000)]
  0x0000020f13fac0f0 JavaThread "Attach Listener" daemon [_thread_blocked, id=16488, stack(0x000000c598900000,0x000000c598a00000)]
  0x0000020f13facf70 JavaThread "Service Thread" daemon [_thread_blocked, id=17388, stack(0x000000c598a00000,0x000000c598b00000)]
  0x0000020f13faeb40 JavaThread "Monitor Deflation Thread" daemon [_thread_blocked, id=15996, stack(0x000000c598b00000,0x000000c598c00000)]
  0x0000020f13fb1940 JavaThread "C2 CompilerThread0" daemon [_thread_blocked, id=15400, stack(0x000000c598c00000,0x000000c598d00000)]
  0x0000020f19149f20 JavaThread "C1 CompilerThread0" daemon [_thread_blocked, id=13912, stack(0x000000c598d00000,0x000000c598e00000)]
  0x0000020f1914e550 JavaThread "Sweeper thread" daemon [_thread_blocked, id=16116, stack(0x000000c598e00000,0x000000c598f00000)]
  0x0000020f13ebbfc0 JavaThread "Common-Cleaner" daemon [_thread_blocked, id=14008, stack(0x000000c598f00000,0x000000c599000000)]
  0x0000020f19390240 JavaThread "Notification Thread" daemon [_thread_blocked, id=11224, stack(0x000000c599000000,0x000000c599100000)]
  0x0000020f19baac00 JavaThread "Active Thread: Equinox Container: c70c3006-68cd-4e30-ba65-46712b516f8c" [_thread_blocked, id=3888, stack(0x000000c599500000,0x000000c599600000)]
  0x0000020f19c4d090 JavaThread "Framework Event Dispatcher: Equinox Container: c70c3006-68cd-4e30-ba65-46712b516f8c" daemon [_thread_blocked, id=14348, stack(0x000000c599700000,0x000000c599800000)]
  0x0000020f19e8ae60 JavaThread "Start Level: Equinox Container: c70c3006-68cd-4e30-ba65-46712b516f8c" daemon [_thread_blocked, id=17944, stack(0x000000c599800000,0x000000c599900000)]
  0x0000020f19b1b2d0 JavaThread "Bundle File Closer" daemon [_thread_blocked, id=4008, stack(0x000000c599900000,0x000000c599a00000)]
  0x0000020f1a108c30 JavaThread "SCR Component Actor" daemon [_thread_blocked, id=9420, stack(0x000000c599600000,0x000000c599700000)]
  0x0000020f193d6490 JavaThread "Worker-JM" [_thread_blocked, id=8892, stack(0x000000c599b00000,0x000000c599c00000)]
  0x0000020f193d8d10 JavaThread "JNA Cleaner" daemon [_thread_blocked, id=5224, stack(0x000000c599c00000,0x000000c599d00000)]
  0x0000020f193d8800 JavaThread "Worker-0: Java indexing... " [_thread_blocked, id=16480, stack(0x000000c599d00000,0x000000c599e00000)]
  0x0000020f193d73c0 JavaThread "Worker-1" [_thread_blocked, id=8560, stack(0x000000c599e00000,0x000000c599f00000)]
  0x0000020f193d78d0 JavaThread "Java indexing" daemon [_thread_blocked, id=9560, stack(0x000000c59a000000,0x000000c59a100000)]
  0x0000020f193d9220 JavaThread "Worker-2" [_thread_blocked, id=16188, stack(0x000000c59a100000,0x000000c59a200000)]
  0x0000020f193d7de0 JavaThread "Thread-2" daemon [_thread_in_native, id=14764, stack(0x000000c59a400000,0x000000c59a500000)]
  0x0000020f193d9730 JavaThread "Thread-3" daemon [_thread_in_native, id=12072, stack(0x000000c59a500000,0x000000c59a600000)]
  0x0000020f193d9c40 JavaThread "Thread-4" daemon [_thread_in_native, id=4824, stack(0x000000c59a600000,0x000000c59a700000)]
  0x0000020f193d82f0 JavaThread "Thread-5" daemon [_thread_in_native, id=15300, stack(0x000000c59a700000,0x000000c59a800000)]
  0x0000020f1c807a80 JavaThread "Thread-6" daemon [_thread_in_native, id=13960, stack(0x000000c59a800000,0x000000c59a900000)]
  0x0000020f1c801f60 JavaThread "pool-2-thread-1" [_thread_blocked, id=9848, stack(0x000000c59a900000,0x000000c59aa00000)]
  0x0000020f1c807f90 JavaThread "WorkspaceEventsHandler" [_thread_blocked, id=5304, stack(0x000000c599a00000,0x000000c599b00000)]
  0x0000020f1c806130 JavaThread "pool-1-thread-1" [_thread_blocked, id=2800, stack(0x000000c59aa00000,0x000000c59ab00000)]
  0x0000020f1c808ec0 JavaThread "Worker-3" [_thread_blocked, id=14708, stack(0x000000c59ab00000,0x000000c59ac00000)]
  0x0000020f1c8047e0 JavaThread "ForkJoinPool.commonPool-worker-1" daemon [_thread_blocked, id=17600, stack(0x000000c599f00000,0x000000c59a000000)]
  0x0000020f1c802470 JavaThread "Worker-4" [_thread_blocked, id=13952, stack(0x000000c59ad00000,0x000000c59ae00000)]
  0x0000020f1c801a50 JavaThread "Compiler Source File Reader" daemon [_thread_blocked, id=15700, stack(0x000000c59ac00000,0x000000c59ad00000)]
  0x0000020f1c805200 JavaThread "Compiler Source File Reader" daemon [_thread_blocked, id=3144, stack(0x000000c59ae00000,0x000000c59af00000)]
  0x0000020f1c8089b0 JavaThread "Compiler Processing Task" daemon [_thread_blocked, id=17492, stack(0x000000c59b000000,0x000000c59b100000)]
  0x0000020f1c8084a0 JavaThread "ForkJoinPool.commonPool-worker-2" daemon [_thread_blocked, id=17076, stack(0x000000c59b100000,0x000000c59b200000)]
  0x0000020f1c804cf0 JavaThread "ForkJoinPool.commonPool-worker-3" daemon [_thread_blocked, id=8920, stack(0x000000c59b200000,0x000000c59b300000)]
  0x0000020f1c802980 JavaThread "Cleaner-0" daemon [_thread_blocked, id=8156, stack(0x000000c59b300000,0x000000c59b400000)]
  0x0000020f1b2e2820 JavaThread "C2 CompilerThread1" daemon [_thread_blocked, id=16720, stack(0x000000c59af00000,0x000000c59b000000)]

Other Threads:
  0x0000020f7fa3eb80 VMThread "VM Thread" [stack: 0x000000c598500000,0x000000c598600000] [id=13532]
  0x0000020f1938f6f0 WatcherThread [stack: 0x000000c599100000,0x000000c599200000] [id=14568]
  0x0000020f7f997890 GCTaskThread "GC Thread#0" [stack: 0x000000c598400000,0x000000c598500000] [id=2004]
=>0x0000020f197c2a40 GCTaskThread "GC Thread#1" [stack: 0x000000c599200000,0x000000c599300000] [id=11724]
  0x0000020f199edce0 GCTaskThread "GC Thread#2" [stack: 0x000000c599300000,0x000000c599400000] [id=6828]
  0x0000020f19cd0020 GCTaskThread "GC Thread#3" [stack: 0x000000c599400000,0x000000c599500000] [id=17736]

Threads with active compile tasks:
C2 CompilerThread0    71312 10197   !   4       org.eclipse.jdt.internal.core.search.indexing.BinaryIndexer::indexDocument (1157 bytes)

VM state: at safepoint (normal execution)

VM Mutex/Monitor currently owned by a thread:  ([mutex/lock_event])
[0x0000020f7f97fda0] Threads_lock - owner thread: 0x0000020f7fa3eb80
[0x0000020f7f980460] Heap_lock - owner thread: 0x0000020f193d78d0

Heap address: 0x00000000c0000000, size: 1024 MB, Compressed Oops mode: 32-bit

CDS archive(s) not mapped
Compressed class space mapped at: 0x0000000100000000-0x0000000140000000, reserved size: 1073741824
Narrow klass base: 0x0000000000000000, Narrow klass shift: 3, Narrow klass range: 0x140000000

GC Precious Log:
 CPUs: 4 total, 4 available
 Memory: 8052M
 Large Page Support: Disabled
 NUMA Support: Disabled
 Compressed Oops: Enabled (32-bit)
 Alignments: Space 512K, Generation 512K, Heap 2M
 Heap Min Capacity: 100M
 Heap Initial Capacity: 100M
 Heap Max Capacity: 1G
 Pre-touch: Disabled
 Parallel Workers: 4

Heap:
 PSYoungGen      total 6656K, used 3948K [0x00000000eab00000, 0x00000000eb600000, 0x0000000100000000)
  eden space 2560K, 0% used [0x00000000eab00000,0x00000000eab00000,0x00000000ead80000)
  from space 4096K, 96% used [0x00000000eb200000,0x00000000eb5db238,0x00000000eb600000)
  to   space 4096K, 0% used [0x00000000eae00000,0x00000000eae00000,0x00000000eb200000)
 ParOldGen       total 118784K, used 117942K [0x00000000c0000000, 0x00000000c7400000, 0x00000000eab00000)
  object space 118784K, 99% used [0x00000000c0000000,0x00000000c732db08,0x00000000c7400000)
 Metaspace       used 73011K, committed 74368K, reserved 1179648K
  class space    used 7707K, committed 8256K, reserved 1048576K

Card table byte_map: [0x0000020f7fc20000,0x0000020f7fe30000] _byte_map_base: 0x0000020f7f620000

Marking Bits: (ParMarkBitMap*) 0x00007ff86c75d820
 Begin Bits: [0x0000020f11be0000, 0x0000020f12be0000)
 End Bits:   [0x0000020f12be0000, 0x0000020f13be0000)

Polling page: 0x0000020f7e140000

Metaspace:

Usage:
  Non-class:     63.77 MB used.
      Class:      7.53 MB used.
       Both:     71.30 MB used.

Virtual space:
  Non-class space:      128.00 MB reserved,      64.56 MB ( 50%) committed,  2 nodes.
      Class space:        1.00 GB reserved,       8.06 MB ( <1%) committed,  1 nodes.
             Both:        1.12 GB reserved,      72.62 MB (  6%) committed. 

Chunk freelists:
   Non-Class:  14.91 MB
       Class:  7.94 MB
        Both:  22.86 MB

MaxMetaspaceSize: unlimited
CompressedClassSpaceSize: 1.00 GB
Initial GC threshold: 21.00 MB
Current GC threshold: 110.75 MB
CDS: off
MetaspaceReclaimPolicy: balanced
 - commit_granule_bytes: 65536.
 - commit_granule_words: 8192.
 - virtual_space_node_default_size: 8388608.
 - enlarge_chunks_in_place: 1.
 - new_chunks_are_fully_committed: 0.
 - uncommit_free_chunks: 1.
 - use_allocation_guard: 0.
 - handle_deallocations: 1.


Internal statistics:

num_allocs_failed_limit: 9.
num_arena_births: 998.
num_arena_deaths: 14.
num_vsnodes_births: 3.
num_vsnodes_deaths: 0.
num_space_committed: 1162.
num_space_uncommitted: 0.
num_chunks_returned_to_freelist: 23.
num_chunks_taken_from_freelist: 4099.
num_chunk_merges: 11.
num_chunk_splits: 2515.
num_chunks_enlarged: 1418.
num_inconsistent_stats: 0.

CodeHeap 'non-profiled nmethods': size=120000Kb used=6554Kb max_used=6554Kb free=113446Kb
 bounds [0x0000020f0a6b0000, 0x0000020f0ad20000, 0x0000020f11be0000]
CodeHeap 'profiled nmethods': size=120000Kb used=19098Kb max_used=19098Kb free=100901Kb
 bounds [0x0000020f02be0000, 0x0000020f03e90000, 0x0000020f0a110000]
CodeHeap 'non-nmethods': size=5760Kb used=1391Kb max_used=1518Kb free=4368Kb
 bounds [0x0000020f0a110000, 0x0000020f0a380000, 0x0000020f0a6b0000]
 total_blobs=9490 nmethods=8739 adapters=665
 compilation: enabled
              stopped_count=0, restarted_count=0
 full_count=0

Compilation events (20 events):
Event: 70.864 Thread 0x0000020f13fb1940 nmethod 10192 0x0000020f0ad0f590 code [0x0000020f0ad0f720, 0x0000020f0ad0f808]
Event: 70.869 Thread 0x0000020f13fb1940 10193       4       org.eclipse.jdt.internal.core.search.indexing.BinaryIndexer::decodeFieldType (379 bytes)
Event: 70.872 Thread 0x0000020f1b2e2820 10194       4       org.eclipse.jdt.internal.core.search.indexing.AbstractIndexer::addFieldDeclaration (17 bytes)
Event: 70.885 Thread 0x0000020f1b2e2820 nmethod 10194 0x0000020f0ad0f910 code [0x0000020f0ad0fae0, 0x0000020f0ad10368]
Event: 70.887 Thread 0x0000020f1b2e2820 10195       4       org.eclipse.jdt.internal.compiler.classfmt.MethodInfo::getArgumentNames (16 bytes)
Event: 70.888 Thread 0x0000020f1b2e2820 nmethod 10195 0x0000020f0ad10a10 code [0x0000020f0ad10ba0, 0x0000020f0ad10c48]
Event: 70.906 Thread 0x0000020f13fb1940 nmethod 10193 0x0000020f0ad10d10 code [0x0000020f0ad10f40, 0x0000020f0ad11f10]
Event: 71.020 Thread 0x0000020f1b2e2820 10196       4       java.util.TimSort::countRunAndMakeAscending (128 bytes)
Event: 71.025 Thread 0x0000020f13fb1940 10197   !   4       org.eclipse.jdt.internal.core.search.indexing.BinaryIndexer::indexDocument (1157 bytes)
Event: 71.029 Thread 0x0000020f1b2e2820 nmethod 10196 0x0000020f0ad12590 code [0x0000020f0ad12720, 0x0000020f0ad12af8]
Event: 71.029 Thread 0x0000020f1b2e2820 10198       4       java.lang.StringConcatHelper::prepend (22 bytes)
Event: 71.035 Thread 0x0000020f1b2e2820 nmethod 10198 0x0000020f0ad12e10 code [0x0000020f0ad12fa0, 0x0000020f0ad13258]
Event: 71.047 Thread 0x0000020f1b2e2820 10199       4       org.eclipse.jdt.internal.compiler.util.HashtableOfObject::rehash (84 bytes)
Event: 71.079 Thread 0x0000020f1b2e2820 nmethod 10199 0x0000020f0ad13510 code [0x0000020f0ad136e0, 0x0000020f0ad13f78]
Event: 71.079 Thread 0x0000020f1b2e2820 10200       4       org.eclipse.jdt.internal.core.search.indexing.AbstractIndexer::addFieldReference (6 bytes)
Event: 71.092 Thread 0x0000020f1b2e2820 nmethod 10200 0x0000020f0ad14510 code [0x0000020f0ad146c0, 0x0000020f0ad14e98]
Event: 71.095 Thread 0x0000020f1b2e2820 10201       4       org.eclipse.jdt.internal.compiler.util.HashtableOfObject::rehash (84 bytes)
Event: 71.116 Thread 0x0000020f1b2e2820 nmethod 10201 0x0000020f0ad15410 code [0x0000020f0ad155e0, 0x0000020f0ad15e58]
Event: 71.116 Thread 0x0000020f1b2e2820 10202   !   4       java.lang.Thread::blockedOn (27 bytes)
Event: 71.118 Thread 0x0000020f1b2e2820 nmethod 10202 0x0000020f0ad16410 code [0x0000020f0ad16580, 0x0000020f0ad16778]

GC Heap History (20 events):
Event: 70.470 GC heap after
{Heap after GC invocations=97 (full 5):
 PSYoungGen      total 6656K, used 4085K [0x00000000eab00000, 0x00000000eb680000, 0x0000000100000000)
  eden space 2560K, 0% used [0x00000000eab00000,0x00000000eab00000,0x00000000ead80000)
  from space 4096K, 99% used [0x00000000ead80000,0x00000000eb17d648,0x00000000eb180000)
  to   space 4608K, 0% used [0x00000000eb200000,0x00000000eb200000,0x00000000eb680000)
 ParOldGen       total 118784K, used 115421K [0x00000000c0000000, 0x00000000c7400000, 0x00000000eab00000)
  object space 118784K, 97% used [0x00000000c0000000,0x00000000c70b77c0,0x00000000c7400000)
 Metaspace       used 72631K, committed 73920K, reserved 1179648K
  class space    used 7648K, committed 8192K, reserved 1048576K
}
Event: 70.561 GC heap before
{Heap before GC invocations=98 (full 5):
 PSYoungGen      total 6656K, used 6645K [0x00000000eab00000, 0x00000000eb680000, 0x0000000100000000)
  eden space 2560K, 100% used [0x00000000eab00000,0x00000000ead80000,0x00000000ead80000)
  from space 4096K, 99% used [0x00000000ead80000,0x00000000eb17d648,0x00000000eb180000)
  to   space 4608K, 0% used [0x00000000eb200000,0x00000000eb200000,0x00000000eb680000)
 ParOldGen       total 118784K, used 115421K [0x00000000c0000000, 0x00000000c7400000, 0x00000000eab00000)
  object space 118784K, 97% used [0x00000000c0000000,0x00000000c70b77c0,0x00000000c7400000)
 Metaspace       used 72731K, committed 74048K, reserved 1179648K
  class space    used 7661K, committed 8256K, reserved 1048576K
}
Event: 70.566 GC heap after
{Heap after GC invocations=98 (full 5):
 PSYoungGen      total 5120K, used 2242K [0x00000000eab00000, 0x00000000eb480000, 0x0000000100000000)
  eden space 2560K, 0% used [0x00000000eab00000,0x00000000eab00000,0x00000000ead80000)
  from space 2560K, 87% used [0x00000000eb200000,0x00000000eb4308e8,0x00000000eb480000)
  to   space 3072K, 0% used [0x00000000eae80000,0x00000000eae80000,0x00000000eb180000)
 ParOldGen       total 118784K, used 115844K [0x00000000c0000000, 0x00000000c7400000, 0x00000000eab00000)
  object space 118784K, 97% used [0x00000000c0000000,0x00000000c7121088,0x00000000c7400000)
 Metaspace       used 72731K, committed 74048K, reserved 1179648K
  class space    used 7661K, committed 8256K, reserved 1048576K
}
Event: 70.643 GC heap before
{Heap before GC invocations=99 (full 5):
 PSYoungGen      total 5120K, used 4802K [0x00000000eab00000, 0x00000000eb480000, 0x0000000100000000)
  eden space 2560K, 100% used [0x00000000eab00000,0x00000000ead80000,0x00000000ead80000)
  from space 2560K, 87% used [0x00000000eb200000,0x00000000eb4308e8,0x00000000eb480000)
  to   space 3072K, 0% used [0x00000000eae80000,0x00000000eae80000,0x00000000eb180000)
 ParOldGen       total 118784K, used 115844K [0x00000000c0000000, 0x00000000c7400000, 0x00000000eab00000)
  object space 118784K, 97% used [0x00000000c0000000,0x00000000c7121088,0x00000000c7400000)
 Metaspace       used 72798K, committed 74112K, reserved 1179648K
  class space    used 7678K, committed 8256K, reserved 1048576K
}
Event: 70.647 GC heap after
{Heap after GC invocations=99 (full 5):
 PSYoungGen      total 5632K, used 2939K [0x00000000eab00000, 0x00000000eb480000, 0x0000000100000000)
  eden space 2560K, 0% used [0x00000000eab00000,0x00000000eab00000,0x00000000ead80000)
  from space 3072K, 95% used [0x00000000eae80000,0x00000000eb15ec38,0x00000000eb180000)
  to   space 3072K, 0% used [0x00000000eb180000,0x00000000eb180000,0x00000000eb480000)
 ParOldGen       total 118784K, used 115844K [0x00000000c0000000, 0x00000000c7400000, 0x00000000eab00000)
  object space 118784K, 97% used [0x00000000c0000000,0x00000000c7121088,0x00000000c7400000)
 Metaspace       used 72798K, committed 74112K, reserved 1179648K
  class space    used 7678K, committed 8256K, reserved 1048576K
}
Event: 70.708 GC heap before
{Heap before GC invocations=100 (full 5):
 PSYoungGen      total 5632K, used 5499K [0x00000000eab00000, 0x00000000eb480000, 0x0000000100000000)
  eden space 2560K, 100% used [0x00000000eab00000,0x00000000ead80000,0x00000000ead80000)
  from space 3072K, 95% used [0x00000000eae80000,0x00000000eb15ec38,0x00000000eb180000)
  to   space 3072K, 0% used [0x00000000eb180000,0x00000000eb180000,0x00000000eb480000)
 ParOldGen       total 118784K, used 115844K [0x00000000c0000000, 0x00000000c7400000, 0x00000000eab00000)
  object space 118784K, 97% used [0x00000000c0000000,0x00000000c7121088,0x00000000c7400000)
 Metaspace       used 72866K, committed 74176K, reserved 1179648K
  class space    used 7686K, committed 8256K, reserved 1048576K
}
Event: 70.711 GC heap after
{Heap after GC invocations=100 (full 5):
 PSYoungGen      total 5632K, used 3059K [0x00000000eab00000, 0x00000000eb480000, 0x0000000100000000)
  eden space 2560K, 0% used [0x00000000eab00000,0x00000000eab00000,0x00000000ead80000)
  from space 3072K, 99% used [0x00000000eb180000,0x00000000eb47cf90,0x00000000eb480000)
  to   space 3584K, 0% used [0x00000000ead80000,0x00000000ead80000,0x00000000eb100000)
 ParOldGen       total 118784K, used 115844K [0x00000000c0000000, 0x00000000c7400000, 0x00000000eab00000)
  object space 118784K, 97% used [0x00000000c0000000,0x00000000c7121088,0x00000000c7400000)
 Metaspace       used 72866K, committed 74176K, reserved 1179648K
  class space    used 7686K, committed 8256K, reserved 1048576K
}
Event: 70.746 GC heap before
{Heap before GC invocations=101 (full 5):
 PSYoungGen      total 5632K, used 5619K [0x00000000eab00000, 0x00000000eb480000, 0x0000000100000000)
  eden space 2560K, 100% used [0x00000000eab00000,0x00000000ead80000,0x00000000ead80000)
  from space 3072K, 99% used [0x00000000eb180000,0x00000000eb47cf90,0x00000000eb480000)
  to   space 3584K, 0% used [0x00000000ead80000,0x00000000ead80000,0x00000000eb100000)
 ParOldGen       total 118784K, used 115844K [0x00000000c0000000, 0x00000000c7400000, 0x00000000eab00000)
  object space 118784K, 97% used [0x00000000c0000000,0x00000000c7121088,0x00000000c7400000)
 Metaspace       used 72905K, committed 74240K, reserved 1179648K
  class space    used 7693K, committed 8256K, reserved 1048576K
}
Event: 70.750 GC heap after
{Heap after GC invocations=101 (full 5):
 PSYoungGen      total 6144K, used 3428K [0x00000000eab00000, 0x00000000eb480000, 0x0000000100000000)
  eden space 2560K, 0% used [0x00000000eab00000,0x00000000eab00000,0x00000000ead80000)
  from space 3584K, 95% used [0x00000000ead80000,0x00000000eb0d9030,0x00000000eb100000)
  to   space 3584K, 0% used [0x00000000eb100000,0x00000000eb100000,0x00000000eb480000)
 ParOldGen       total 118784K, used 115852K [0x00000000c0000000, 0x00000000c7400000, 0x00000000eab00000)
  object space 118784K, 97% used [0x00000000c0000000,0x00000000c7123088,0x00000000c7400000)
 Metaspace       used 72905K, committed 74240K, reserved 1179648K
  class space    used 7693K, committed 8256K, reserved 1048576K
}
Event: 70.834 GC heap before
{Heap before GC invocations=102 (full 5):
 PSYoungGen      total 6144K, used 5988K [0x00000000eab00000, 0x00000000eb480000, 0x0000000100000000)
  eden space 2560K, 100% used [0x00000000eab00000,0x00000000ead80000,0x00000000ead80000)
  from space 3584K, 95% used [0x00000000ead80000,0x00000000eb0d9030,0x00000000eb100000)
  to   space 3584K, 0% used [0x00000000eb100000,0x00000000eb100000,0x00000000eb480000)
 ParOldGen       total 118784K, used 115852K [0x00000000c0000000, 0x00000000c7400000, 0x00000000eab00000)
  object space 118784K, 97% used [0x00000000c0000000,0x00000000c7123088,0x00000000c7400000)
 Metaspace       used 72983K, committed 74304K, reserved 1179648K
  class space    used 7704K, committed 8256K, reserved 1048576K
}
Event: 70.840 GC heap after
{Heap after GC invocations=102 (full 5):
 PSYoungGen      total 6144K, used 3539K [0x00000000eab00000, 0x00000000eb480000, 0x0000000100000000)
  eden space 2560K, 0% used [0x00000000eab00000,0x00000000eab00000,0x00000000ead80000)
  from space 3584K, 98% used [0x00000000eb100000,0x00000000eb474d38,0x00000000eb480000)
  to   space 3584K, 0% used [0x00000000ead80000,0x00000000ead80000,0x00000000eb100000)
 ParOldGen       total 118784K, used 115852K [0x00000000c0000000, 0x00000000c7400000, 0x00000000eab00000)
  object space 118784K, 97% used [0x00000000c0000000,0x00000000c7123088,0x00000000c7400000)
 Metaspace       used 72983K, committed 74304K, reserved 1179648K
  class space    used 7704K, committed 8256K, reserved 1048576K
}
Event: 70.894 GC heap before
{Heap before GC invocations=103 (full 5):
 PSYoungGen      total 6144K, used 6097K [0x00000000eab00000, 0x00000000eb480000, 0x0000000100000000)
  eden space 2560K, 99% used [0x00000000eab00000,0x00000000ead7f808,0x00000000ead80000)
  from space 3584K, 98% used [0x00000000eb100000,0x00000000eb474d38,0x00000000eb480000)
  to   space 3584K, 0% used [0x00000000ead80000,0x00000000ead80000,0x00000000eb100000)
 ParOldGen       total 118784K, used 115852K [0x00000000c0000000, 0x00000000c7400000, 0x00000000eab00000)
  object space 118784K, 97% used [0x00000000c0000000,0x00000000c7123088,0x00000000c7400000)
 Metaspace       used 73011K, committed 74368K, reserved 1179648K
  class space    used 7707K, committed 8256K, reserved 1048576K
}
Event: 70.899 GC heap after
{Heap after GC invocations=103 (full 5):
 PSYoungGen      total 6144K, used 3569K [0x00000000eab00000, 0x00000000eb680000, 0x0000000100000000)
  eden space 2560K, 0% used [0x00000000eab00000,0x00000000eab00000,0x00000000ead80000)
  from space 3584K, 99% used [0x00000000ead80000,0x00000000eb0fc410,0x00000000eb100000)
  to   space 4608K, 0% used [0x00000000eb200000,0x00000000eb200000,0x00000000eb680000)
 ParOldGen       total 118784K, used 116294K [0x00000000c0000000, 0x00000000c7400000, 0x00000000eab00000)
  object space 118784K, 97% used [0x00000000c0000000,0x00000000c7191ba8,0x00000000c7400000)
 Metaspace       used 73011K, committed 74368K, reserved 1179648K
  class space    used 7707K, committed 8256K, reserved 1048576K
}
Event: 71.010 GC heap before
{Heap before GC invocations=104 (full 5):
 PSYoungGen      total 6144K, used 6129K [0x00000000eab00000, 0x00000000eb680000, 0x0000000100000000)
  eden space 2560K, 100% used [0x00000000eab00000,0x00000000ead80000,0x00000000ead80000)
  from space 3584K, 99% used [0x00000000ead80000,0x00000000eb0fc410,0x00000000eb100000)
  to   space 4608K, 0% used [0x00000000eb200000,0x00000000eb200000,0x00000000eb680000)
 ParOldGen       total 118784K, used 116294K [0x00000000c0000000, 0x00000000c7400000, 0x00000000eab00000)
  object space 118784K, 97% used [0x00000000c0000000,0x00000000c7191ba8,0x00000000c7400000)
 Metaspace       used 73011K, committed 74368K, reserved 1179648K
  class space    used 7707K, committed 8256K, reserved 1048576K
}
Event: 71.015 GC heap after
{Heap after GC invocations=104 (full 5):
 PSYoungGen      total 6656K, used 3801K [0x00000000eab00000, 0x00000000eb600000, 0x0000000100000000)
  eden space 2560K, 0% used [0x00000000eab00000,0x00000000eab00000,0x00000000ead80000)
  from space 4096K, 92% used [0x00000000eb200000,0x00000000eb5b66a8,0x00000000eb600000)
  to   space 4096K, 0% used [0x00000000eae00000,0x00000000eae00000,0x00000000eb200000)
 ParOldGen       total 118784K, used 116983K [0x00000000c0000000, 0x00000000c7400000, 0x00000000eab00000)
  object space 118784K, 98% used [0x00000000c0000000,0x00000000c723de70,0x00000000c7400000)
 Metaspace       used 73011K, committed 74368K, reserved 1179648K
  class space    used 7707K, committed 8256K, reserved 1048576K
}
Event: 71.074 GC heap before
{Heap before GC invocations=105 (full 5):
 PSYoungGen      total 6656K, used 6361K [0x00000000eab00000, 0x00000000eb600000, 0x0000000100000000)
  eden space 2560K, 100% used [0x00000000eab00000,0x00000000ead80000,0x00000000ead80000)
  from space 4096K, 92% used [0x00000000eb200000,0x00000000eb5b66a8,0x00000000eb600000)
  to   space 4096K, 0% used [0x00000000eae00000,0x00000000eae00000,0x00000000eb200000)
 ParOldGen       total 118784K, used 116983K [0x00000000c0000000, 0x00000000c7400000, 0x00000000eab00000)
  object space 118784K, 98% used [0x00000000c0000000,0x00000000c723de70,0x00000000c7400000)
 Metaspace       used 73011K, committed 74368K, reserved 1179648K
  class space    used 7707K, committed 8256K, reserved 1048576K
}
Event: 71.078 GC heap after
{Heap after GC invocations=105 (full 5):
 PSYoungGen      total 6656K, used 4094K [0x00000000eab00000, 0x00000000eb680000, 0x0000000100000000)
  eden space 2560K, 0% used [0x00000000eab00000,0x00000000eab00000,0x00000000ead80000)
  from space 4096K, 99% used [0x00000000eae00000,0x00000000eb1ffa58,0x00000000eb200000)
  to   space 4608K, 0% used [0x00000000eb200000,0x00000000eb200000,0x00000000eb680000)
 ParOldGen       total 118784K, used 117143K [0x00000000c0000000, 0x00000000c7400000, 0x00000000eab00000)
  object space 118784K, 98% used [0x00000000c0000000,0x00000000c7265e70,0x00000000c7400000)
 Metaspace       used 73011K, committed 74368K, reserved 1179648K
  class space    used 7707K, committed 8256K, reserved 1048576K
}
Event: 71.118 GC heap before
{Heap before GC invocations=106 (full 5):
 PSYoungGen      total 6656K, used 6654K [0x00000000eab00000, 0x00000000eb680000, 0x0000000100000000)
  eden space 2560K, 100% used [0x00000000eab00000,0x00000000ead80000,0x00000000ead80000)
  from space 4096K, 99% used [0x00000000eae00000,0x00000000eb1ffa58,0x00000000eb200000)
  to   space 4608K, 0% used [0x00000000eb200000,0x00000000eb200000,0x00000000eb680000)
 ParOldGen       total 118784K, used 117143K [0x00000000c0000000, 0x00000000c7400000, 0x00000000eab00000)
  object space 118784K, 98% used [0x00000000c0000000,0x00000000c7265e70,0x00000000c7400000)
 Metaspace       used 73011K, committed 74368K, reserved 1179648K
  class space    used 7707K, committed 8256K, reserved 1048576K
}
Event: 71.123 GC heap after
{Heap after GC invocations=106 (full 5):
 PSYoungGen      total 6656K, used 3948K [0x00000000eab00000, 0x00000000eb600000, 0x0000000100000000)
  eden space 2560K, 0% used [0x00000000eab00000,0x00000000eab00000,0x00000000ead80000)
  from space 4096K, 96% used [0x00000000eb200000,0x00000000eb5db238,0x00000000eb600000)
  to   space 4096K, 0% used [0x00000000eae00000,0x00000000eae00000,0x00000000eb200000)
 ParOldGen       total 118784K, used 117942K [0x00000000c0000000, 0x00000000c7400000, 0x00000000eab00000)
  object space 118784K, 99% used [0x00000000c0000000,0x00000000c732db08,0x00000000c7400000)
 Metaspace       used 73011K, committed 74368K, reserved 1179648K
  class space    used 7707K, committed 8256K, reserved 1048576K
}
Event: 71.123 GC heap before
{Heap before GC invocations=107 (full 6):
 PSYoungGen      total 6656K, used 3948K [0x00000000eab00000, 0x00000000eb600000, 0x0000000100000000)
  eden space 2560K, 0% used [0x00000000eab00000,0x00000000eab00000,0x00000000ead80000)
  from space 4096K, 96% used [0x00000000eb200000,0x00000000eb5db238,0x00000000eb600000)
  to   space 4096K, 0% used [0x00000000eae00000,0x00000000eae00000,0x00000000eb200000)
 ParOldGen       total 118784K, used 117942K [0x00000000c0000000, 0x00000000c7400000, 0x00000000eab00000)
  object space 118784K, 99% used [0x00000000c0000000,0x00000000c732db08,0x00000000c7400000)
 Metaspace       used 73011K, committed 74368K, reserved 1179648K
  class space    used 7707K, committed 8256K, reserved 1048576K
}

Dll operation events (11 events):
Event: 0.109 Loaded shared library c:\Users\DELL\.vscode\extensions\redhat.java-1.33.0-win32-x64\jre\17.0.11-win32-x86_64\bin\java.dll
Event: 1.560 Loaded shared library c:\Users\DELL\.vscode\extensions\redhat.java-1.33.0-win32-x64\jre\17.0.11-win32-x86_64\bin\zip.dll
Event: 1.569 Loaded shared library C:\Users\DELL\.vscode\extensions\redhat.java-1.33.0-win32-x64\jre\17.0.11-win32-x86_64\bin\instrument.dll
Event: 1.635 Loaded shared library C:\Users\DELL\.vscode\extensions\redhat.java-1.33.0-win32-x64\jre\17.0.11-win32-x86_64\bin\net.dll
Event: 1.637 Loaded shared library C:\Users\DELL\.vscode\extensions\redhat.java-1.33.0-win32-x64\jre\17.0.11-win32-x86_64\bin\nio.dll
Event: 1.667 Loaded shared library C:\Users\DELL\.vscode\extensions\redhat.java-1.33.0-win32-x64\jre\17.0.11-win32-x86_64\bin\zip.dll
Event: 1.721 Loaded shared library C:\Users\DELL\.vscode\extensions\redhat.java-1.33.0-win32-x64\jre\17.0.11-win32-x86_64\bin\jimage.dll
Event: 1.983 Loaded shared library c:\Users\DELL\.vscode\extensions\redhat.java-1.33.0-win32-x64\jre\17.0.11-win32-x86_64\bin\verify.dll
Event: 5.741 Loaded shared library C:\Users\DELL\AppData\Roaming\Code\User\globalStorage\redhat.java\1.33.0\config_win\org.eclipse.equinox.launcher\org.eclipse.equinox.launcher.win32.win32.x86_64_1.2.1100.v20240722-2106\eclipse_11904.dll
Event: 10.066 Loaded shared library C:\Users\DELL\AppData\Local\Temp\jna-2094529\jna2524280544748412771.dll
Event: 57.916 Loaded shared library C:\Users\DELL\.vscode\extensions\redhat.java-1.33.0-win32-x64\jre\17.0.11-win32-x86_64\bin\sunmscapi.dll

Deoptimization events (20 events):
Event: 70.310 Thread 0x0000020f1c8089b0 DEOPT PACKING pc=0x0000020f0accdf84 sp=0x000000c59b0fecc0
Event: 70.310 Thread 0x0000020f1c8089b0 DEOPT UNPACKING pc=0x0000020f0a1666a3 sp=0x000000c59b0fec58 mode 2
Event: 70.310 Thread 0x0000020f1c8089b0 Uncommon trap: trap_request=0xffffffde fr.pc=0x0000020f0accdf84 relative=0x0000000000000644
Event: 70.310 Thread 0x0000020f1c8089b0 Uncommon trap: reason=class_check action=maybe_recompile pc=0x0000020f0accdf84 method=org.eclipse.jdt.internal.compiler.parser.Parser.consumeRule(I)V @ 6093 c2
Event: 70.310 Thread 0x0000020f1c8089b0 DEOPT PACKING pc=0x0000020f0accdf84 sp=0x000000c59b0fecc0
Event: 70.310 Thread 0x0000020f1c8089b0 DEOPT UNPACKING pc=0x0000020f0a1666a3 sp=0x000000c59b0fec58 mode 2
Event: 70.310 Thread 0x0000020f1c8089b0 Uncommon trap: trap_request=0xffffffde fr.pc=0x0000020f0accdf84 relative=0x0000000000000644
Event: 70.310 Thread 0x0000020f1c8089b0 Uncommon trap: reason=class_check action=maybe_recompile pc=0x0000020f0accdf84 method=org.eclipse.jdt.internal.compiler.parser.Parser.consumeRule(I)V @ 6093 c2
Event: 70.310 Thread 0x0000020f1c8089b0 DEOPT PACKING pc=0x0000020f0accdf84 sp=0x000000c59b0fecc0
Event: 70.310 Thread 0x0000020f1c8089b0 DEOPT UNPACKING pc=0x0000020f0a1666a3 sp=0x000000c59b0fec58 mode 2
Event: 70.674 Thread 0x0000020f1c802470 DEOPT PACKING pc=0x0000020f03d0c89d sp=0x000000c59adfcee0
Event: 70.674 Thread 0x0000020f1c802470 DEOPT UNPACKING pc=0x0000020f0a166e43 sp=0x000000c59adfc3e8 mode 0
Event: 71.006 Thread 0x0000020f193d78d0 Uncommon trap: trap_request=0xfffffff4 fr.pc=0x0000020f0acf0a50 relative=0x000000000000a650
Event: 71.006 Thread 0x0000020f193d78d0 Uncommon trap: reason=null_check action=make_not_entrant pc=0x0000020f0acf0a50 method=org.eclipse.jdt.internal.core.search.indexing.BinaryIndexer.indexDocument()V @ 568 c2
Event: 71.006 Thread 0x0000020f193d78d0 DEOPT PACKING pc=0x0000020f0acf0a50 sp=0x000000c59a0fe930
Event: 71.006 Thread 0x0000020f193d78d0 DEOPT UNPACKING pc=0x0000020f0a1666a3 sp=0x000000c59a0fe890 mode 2
Event: 71.085 Thread 0x0000020f193d78d0 Uncommon trap: trap_request=0xffffff6e fr.pc=0x0000020f0ad13d1c relative=0x000000000000063c
Event: 71.085 Thread 0x0000020f193d78d0 Uncommon trap: reason=loop_limit_check action=maybe_recompile pc=0x0000020f0ad13d1c method=org.eclipse.jdt.internal.compiler.util.HashtableOfObject.rehash()V @ 56 c2
Event: 71.085 Thread 0x0000020f193d78d0 DEOPT PACKING pc=0x0000020f0ad13d1c sp=0x000000c59a0fe580
Event: 71.085 Thread 0x0000020f193d78d0 DEOPT UNPACKING pc=0x0000020f0a1666a3 sp=0x000000c59a0fe528 mode 2

Classes unloaded (7 events):
Event: 12.760 Thread 0x0000020f7fa3eb80 Unloading class 0x000000010024c400 'java/lang/invoke/LambdaForm$MH+0x000000010024c400'
Event: 12.760 Thread 0x0000020f7fa3eb80 Unloading class 0x000000010024c000 'java/lang/invoke/LambdaForm$MH+0x000000010024c000'
Event: 12.760 Thread 0x0000020f7fa3eb80 Unloading class 0x000000010024bc00 'java/lang/invoke/LambdaForm$MH+0x000000010024bc00'
Event: 12.760 Thread 0x0000020f7fa3eb80 Unloading class 0x000000010024b800 'java/lang/invoke/LambdaForm$MH+0x000000010024b800'
Event: 12.760 Thread 0x0000020f7fa3eb80 Unloading class 0x000000010024b400 'java/lang/invoke/LambdaForm$BMH+0x000000010024b400'
Event: 12.760 Thread 0x0000020f7fa3eb80 Unloading class 0x000000010024b000 'java/lang/invoke/LambdaForm$DMH+0x000000010024b000'
Event: 12.760 Thread 0x0000020f7fa3eb80 Unloading class 0x0000000100248400 'java/lang/invoke/LambdaForm$DMH+0x0000000100248400'

Classes redefined (0 events):
No events

Internal exceptions (20 events):
Event: 69.650 Thread 0x0000020f193d73c0 Exception <a 'sun/nio/fs/WindowsException'{0x00000000eacfbbb8}> (0x00000000eacfbbb8) 
thrown [s\src\hotspot\share\prims\jni.cpp, line 516]
Event: 69.651 Thread 0x0000020f193d73c0 Exception <a 'sun/nio/fs/WindowsException'{0x00000000eacfc1f0}> (0x00000000eacfc1f0) 
thrown [s\src\hotspot\share\prims\jni.cpp, line 516]
Event: 69.657 Thread 0x0000020f193d73c0 Exception <a 'sun/nio/fs/WindowsException'{0x00000000ead16da8}> (0x00000000ead16da8) 
thrown [s\src\hotspot\share\prims\jni.cpp, line 516]
Event: 69.657 Thread 0x0000020f193d73c0 Exception <a 'sun/nio/fs/WindowsException'{0x00000000ead17688}> (0x00000000ead17688) 
thrown [s\src\hotspot\share\prims\jni.cpp, line 516]
Event: 69.943 Thread 0x0000020f1c802470 Exception <a 'java/lang/NoSuchMethodError'{0x00000000eae67220}: 'int java.lang.invoke.DirectMethodHandle$Holder.invokeStatic(java.lang.Object)'> (0x00000000eae67220) 
thrown [s\src\hotspot\share\interpreter\linkResolver.cpp, line 759]
Event: 69.956 Thread 0x0000020f1c802470 Exception <a 'sun/nio/fs/WindowsException'{0x00000000eaf14b08}> (0x00000000eaf14b08) 
thrown [s\src\hotspot\share\prims\jni.cpp, line 516]
Event: 70.514 Thread 0x0000020f1c802470 Exception <a 'sun/nio/fs/WindowsException'{0x00000000eac46fa0}> (0x00000000eac46fa0) 
thrown [s\src\hotspot\share\prims\jni.cpp, line 516]
Event: 70.514 Thread 0x0000020f1c802470 Exception <a 'sun/nio/fs/WindowsException'{0x00000000eac475d8}> (0x00000000eac475d8) 
thrown [s\src\hotspot\share\prims\jni.cpp, line 516]
Event: 70.520 Thread 0x0000020f1c802470 Exception <a 'sun/nio/fs/WindowsException'{0x00000000eac497c8}> (0x00000000eac497c8) 
thrown [s\src\hotspot\share\prims\jni.cpp, line 516]
Event: 70.520 Thread 0x0000020f1c802470 Exception <a 'sun/nio/fs/WindowsException'{0x00000000eac49e00}> (0x00000000eac49e00) 
thrown [s\src\hotspot\share\prims\jni.cpp, line 516]
Event: 70.544 Thread 0x0000020f1c802470 Exception <a 'java/lang/NoSuchMethodError'{0x00000000eac9ae30}: 'java.lang.Object java.lang.invoke.DirectMethodHandle$Holder.invokeSpecial(java.lang.Object, java.lang.Object, int, java.lang.Object, java.lang.Object, java.lang.Object, java.lang.Object)'> (0x00000000eac9ae30) 
thrown [s\src\hotspot\share\interpreter\linkResolver.cpp, line 759]
Event: 70.545 Thread 0x0000020f1c802470 Exception <a 'java/lang/NoSuchMethodError'{0x00000000eaca2f40}: 'java.lang.Object java.lang.invoke.DirectMethodHandle$Holder.newInvokeSpecial(java.lang.Object, java.lang.Object, int, java.lang.Object, java.lang.Object)'> (0x00000000eaca2f40) 
thrown [s\src\hotspot\share\interpreter\linkResolver.cpp, line 759]
Event: 70.553 Thread 0x0000020f1c802470 Exception <a 'java/lang/NoSuchMethodError'{0x00000000eacbb3e8}: 'java.lang.Object java.lang.invoke.DirectMethodHandle$Holder.invokeSpecial(java.lang.Object, java.lang.Object, java.lang.Object, int, java.lang.Object, java.lang.Object, java.lang.Object)'> (0x00000000eacbb3e8) 
thrown [s\src\hotspot\share\interpreter\linkResolver.cpp, line 759]
Event: 70.554 Thread 0x0000020f1c802470 Exception <a 'java/lang/NoSuchMethodError'{0x00000000eacc4188}: 'java.lang.Object java.lang.invoke.DirectMethodHandle$Holder.invokeStatic(java.lang.Object, java.lang.Object, int, java.lang.Object, java.lang.Object)'> (0x00000000eacc4188) 
thrown [s\src\hotspot\share\interpreter\linkResolver.cpp, line 759]
Event: 70.605 Thread 0x0000020f1c802470 Exception <a 'java/lang/NoSuchMethodError'{0x00000000eac5bff8}: 'void java.lang.invoke.DirectMethodHandle$Holder.invokeStatic(java.lang.Object, int)'> (0x00000000eac5bff8) 
thrown [s\src\hotspot\share\interpreter\linkResolver.cpp, line 759]
Event: 70.776 Thread 0x0000020f1c802470 Exception <a 'java/io/FileNotFoundException'{0x00000000eabc5798}> (0x00000000eabc5798) 
thrown [s\src\hotspot\share\prims\jni.cpp, line 516]
Event: 70.776 Thread 0x0000020f1c802470 Exception <a 'java/io/FileNotFoundException'{0x00000000eabc6d10}> (0x00000000eabc6d10) 
thrown [s\src\hotspot\share\prims\jni.cpp, line 516]
Event: 70.777 Thread 0x0000020f1c802470 Exception <a 'java/io/FileNotFoundException'{0x00000000eabc7d20}> (0x00000000eabc7d20) 
thrown [s\src\hotspot\share\prims\jni.cpp, line 516]
Event: 70.791 Thread 0x0000020f1c802470 Exception <a 'java/lang/NoSuchMethodError'{0x00000000eac2a720}: 'int java.lang.invoke.DirectMethodHandle$Holder.invokeStatic(java.lang.Object, java.lang.Object, java.lang.Object, java.lang.Object, java.lang.Object, java.lang.Object)'> (0x00000000eac2a720) 
thrown [s\src\hotspot\share\interpreter\linkResolver.cpp, line 759]
Event: 71.006 Thread 0x0000020f193d78d0 Implicit null exception at 0x0000020f0ace94ec to 0x0000020f0acf0a28

VM Operations (20 events):
Event: 70.369 Executing VM operation: ParallelGCFailedAllocation done
Event: 70.463 Executing VM operation: ParallelGCFailedAllocation
Event: 70.470 Executing VM operation: ParallelGCFailedAllocation done
Event: 70.561 Executing VM operation: ParallelGCFailedAllocation
Event: 70.567 Executing VM operation: ParallelGCFailedAllocation done
Event: 70.640 Executing VM operation: ParallelGCFailedAllocation
Event: 70.658 Executing VM operation: ParallelGCFailedAllocation done
Event: 70.707 Executing VM operation: ParallelGCFailedAllocation
Event: 70.711 Executing VM operation: ParallelGCFailedAllocation done
Event: 70.746 Executing VM operation: ParallelGCFailedAllocation
Event: 70.758 Executing VM operation: ParallelGCFailedAllocation done
Event: 70.833 Executing VM operation: ParallelGCFailedAllocation
Event: 70.840 Executing VM operation: ParallelGCFailedAllocation done
Event: 70.894 Executing VM operation: ParallelGCFailedAllocation
Event: 70.899 Executing VM operation: ParallelGCFailedAllocation done
Event: 71.010 Executing VM operation: ParallelGCFailedAllocation
Event: 71.015 Executing VM operation: ParallelGCFailedAllocation done
Event: 71.074 Executing VM operation: ParallelGCFailedAllocation
Event: 71.079 Executing VM operation: ParallelGCFailedAllocation done
Event: 71.118 Executing VM operation: ParallelGCFailedAllocation

Events (20 events):
Event: 65.023 Thread 0x0000020f1c8033a0 Thread added: 0x0000020f1c8033a0
Event: 65.023 Thread 0x0000020f1c8038b0 Thread added: 0x0000020f1c8038b0
Event: 65.642 Thread 0x0000020f1914e550 flushing nmethod 0x0000020f0a96a990
Event: 65.644 Thread 0x0000020f1914e550 flushing nmethod 0x0000020f02c79310
Event: 65.644 Thread 0x0000020f1914e550 flushing nmethod 0x0000020f02c7b210
Event: 65.655 Thread 0x0000020f1914e550 flushing nmethod 0x0000020f036b5d90
Event: 65.657 Thread 0x0000020f1914e550 flushing nmethod 0x0000020f0387e590
Event: 65.856 Thread 0x0000020f1c806640 Thread exited: 0x0000020f1c806640
Event: 65.856 Thread 0x0000020f1c8038b0 Thread exited: 0x0000020f1c8038b0
Event: 65.856 Thread 0x0000020f1c802e90 Thread exited: 0x0000020f1c802e90
Event: 65.856 Thread 0x0000020f1c8042d0 Thread exited: 0x0000020f1c8042d0
Event: 65.856 Thread 0x0000020f1c8033a0 Thread exited: 0x0000020f1c8033a0
Event: 66.109 loading class java/lang/invoke/MethodHandleImpl$CountingWrapper$1
Event: 66.109 loading class java/lang/invoke/MethodHandleImpl$CountingWrapper$1 done
Event: 67.045 Thread 0x0000020f1b2e2820 Thread exited: 0x0000020f1b2e2820
Event: 69.047 Thread 0x0000020f1b2e2820 Thread added: 0x0000020f1b2e2820
Event: 70.481 loading class java/nio/channels/Channels$1
Event: 70.481 loading class java/nio/channels/Channels$1 done
Event: 70.724 loading class java/util/LinkedList$LLSpliterator
Event: 70.724 loading class java/util/LinkedList$LLSpliterator done


Dynamic libraries:
0x00007ff6bd440000 - 0x00007ff6bd44e000 	c:\Users\DELL\.vscode\extensions\redhat.java-1.33.0-win32-x64\jre\17.0.11-win32-x86_64\bin\java.exe
0x00007ff8ddb70000 - 0x00007ff8ddd68000 	C:\WINDOWS\SYSTEM32\ntdll.dll
0x00007ff8dbea0000 - 0x00007ff8dbf62000 	C:\WINDOWS\System32\KERNEL32.DLL
0x00007ff8db370000 - 0x00007ff8db66e000 	C:\WINDOWS\System32\KERNELBASE.dll
0x00007ff8db670000 - 0x00007ff8db770000 	C:\WINDOWS\System32\ucrtbase.dll
0x00007ff8ccd40000 - 0x00007ff8ccd57000 	c:\Users\DELL\.vscode\extensions\redhat.java-1.33.0-win32-x64\jre\17.0.11-win32-x86_64\bin\jli.dll
0x00007ff8dd040000 - 0x00007ff8dd1dd000 	C:\WINDOWS\System32\USER32.dll
0x00007ff8dbb60000 - 0x00007ff8dbb82000 	C:\WINDOWS\System32\win32u.dll
0x00007ff8dd950000 - 0x00007ff8dd97b000 	C:\WINDOWS\System32\GDI32.dll
0x00007ff8dba10000 - 0x00007ff8dbb27000 	C:\WINDOWS\System32\gdi32full.dll
0x00007ff8db260000 - 0x00007ff8db2fd000 	C:\WINDOWS\System32\msvcp_win.dll
0x00007ff8cc8e0000 - 0x00007ff8cc8fb000 	c:\Users\DELL\.vscode\extensions\redhat.java-1.33.0-win32-x64\jre\17.0.11-win32-x86_64\bin\VCRUNTIME140.dll
0x00007ff8c9300000 - 0x00007ff8c959a000 	C:\WINDOWS\WinSxS\amd64_microsoft.windows.common-controls_6595b64144ccf1df_6.0.19041.4355_none_60b8b9eb71f62e16\COMCTL32.dll
0x00007ff8dc000000 - 0x00007ff8dc09e000 	C:\WINDOWS\System32\msvcrt.dll
0x00007ff8dbce0000 - 0x00007ff8dbd0f000 	C:\WINDOWS\System32\IMM32.DLL
0x00007ff8d2150000 - 0x00007ff8d215c000 	c:\Users\DELL\.vscode\extensions\redhat.java-1.33.0-win32-x64\jre\17.0.11-win32-x86_64\bin\vcruntime140_1.dll
0x00007ff8af860000 - 0x00007ff8af8ed000 	c:\Users\DELL\.vscode\extensions\redhat.java-1.33.0-win32-x64\jre\17.0.11-win32-x86_64\bin\msvcp140.dll
0x00007ff86bbc0000 - 0x00007ff86c822000 	c:\Users\DELL\.vscode\extensions\redhat.java-1.33.0-win32-x64\jre\17.0.11-win32-x86_64\bin\server\jvm.dll
0x00007ff8dcf10000 - 0x00007ff8dcfc1000 	C:\WINDOWS\System32\ADVAPI32.dll
0x00007ff8dbc40000 - 0x00007ff8dbcdf000 	C:\WINDOWS\System32\sechost.dll
0x00007ff8dbd10000 - 0x00007ff8dbe33000 	C:\WINDOWS\System32\RPCRT4.dll
0x00007ff8dbb30000 - 0x00007ff8dbb57000 	C:\WINDOWS\System32\bcrypt.dll
0x00007ff8da710000 - 0x00007ff8da75b000 	C:\WINDOWS\SYSTEM32\POWRPROF.dll
0x00007ff8bb2d0000 - 0x00007ff8bb2d9000 	C:\WINDOWS\SYSTEM32\WSOCK32.dll
0x00007ff8dc7c0000 - 0x00007ff8dc82b000 	C:\WINDOWS\System32\WS2_32.dll
0x00007ff8c6aa0000 - 0x00007ff8c6ac7000 	C:\WINDOWS\SYSTEM32\WINMM.dll
0x00007ff8d5160000 - 0x00007ff8d516a000 	C:\WINDOWS\SYSTEM32\VERSION.dll
0x00007ff8da5d0000 - 0x00007ff8da5e2000 	C:\WINDOWS\SYSTEM32\UMPDC.dll
0x00007ff8d99f0000 - 0x00007ff8d9a02000 	C:\WINDOWS\SYSTEM32\kernel.appcore.dll
0x00007ff8cc7d0000 - 0x00007ff8cc7da000 	c:\Users\DELL\.vscode\extensions\redhat.java-1.33.0-win32-x64\jre\17.0.11-win32-x86_64\bin\jimage.dll
0x00007ff8d8f30000 - 0x00007ff8d9114000 	C:\WINDOWS\SYSTEM32\DBGHELP.DLL
0x00007ff8d20f0000 - 0x00007ff8d2124000 	C:\WINDOWS\SYSTEM32\dbgcore.DLL
0x00007ff8db820000 - 0x00007ff8db8a2000 	C:\WINDOWS\System32\bcryptPrimitives.dll
0x00007ff8cc7c0000 - 0x00007ff8cc7ce000 	c:\Users\DELL\.vscode\extensions\redhat.java-1.33.0-win32-x64\jre\17.0.11-win32-x86_64\bin\instrument.dll
0x00007ff8b0e20000 - 0x00007ff8b0e45000 	c:\Users\DELL\.vscode\extensions\redhat.java-1.33.0-win32-x64\jre\17.0.11-win32-x86_64\bin\java.dll
0x00007ff8cc650000 - 0x00007ff8cc668000 	c:\Users\DELL\.vscode\extensions\redhat.java-1.33.0-win32-x64\jre\17.0.11-win32-x86_64\bin\zip.dll
0x00007ff8dd1e0000 - 0x00007ff8dd94d000 	C:\WINDOWS\System32\SHELL32.dll
0x00007ff8d9230000 - 0x00007ff8d99d4000 	C:\WINDOWS\SYSTEM32\windows.storage.dll
0x00007ff8dc830000 - 0x00007ff8dcb83000 	C:\WINDOWS\System32\combase.dll
0x00007ff8dab60000 - 0x00007ff8dab8e000 	C:\WINDOWS\SYSTEM32\Wldp.dll
0x00007ff8dce30000 - 0x00007ff8dcefd000 	C:\WINDOWS\System32\OLEAUT32.dll
0x00007ff8dbb90000 - 0x00007ff8dbc3d000 	C:\WINDOWS\System32\SHCORE.dll
0x00007ff8dc0a0000 - 0x00007ff8dc0f5000 	C:\WINDOWS\System32\shlwapi.dll
0x00007ff8db140000 - 0x00007ff8db164000 	C:\WINDOWS\SYSTEM32\profapi.dll
0x00007ff8c5570000 - 0x00007ff8c5589000 	C:\Users\DELL\.vscode\extensions\redhat.java-1.33.0-win32-x64\jre\17.0.11-win32-x86_64\bin\net.dll
0x00007ff8d4460000 - 0x00007ff8d456d000 	C:\WINDOWS\SYSTEM32\WINHTTP.dll
0x00007ff8da940000 - 0x00007ff8da9aa000 	C:\WINDOWS\system32\mswsock.dll
0x00007ff8b7690000 - 0x00007ff8b76a6000 	C:\Users\DELL\.vscode\extensions\redhat.java-1.33.0-win32-x64\jre\17.0.11-win32-x86_64\bin\nio.dll
0x00007ff8cc620000 - 0x00007ff8cc630000 	c:\Users\DELL\.vscode\extensions\redhat.java-1.33.0-win32-x64\jre\17.0.11-win32-x86_64\bin\verify.dll
0x00007ff8ae500000 - 0x00007ff8ae545000 	C:\Users\DELL\AppData\Roaming\Code\User\globalStorage\redhat.java\1.33.0\config_win\org.eclipse.equinox.launcher\org.eclipse.equinox.launcher.win32.win32.x86_64_1.2.1100.v20240722-2106\eclipse_11904.dll
0x00007ff8dd9a0000 - 0x00007ff8ddacb000 	C:\WINDOWS\System32\ole32.dll
0x00007ff8daba0000 - 0x00007ff8dabb8000 	C:\WINDOWS\SYSTEM32\CRYPTSP.dll
0x00007ff8da210000 - 0x00007ff8da244000 	C:\WINDOWS\system32\rsaenh.dll
0x00007ff8db100000 - 0x00007ff8db12e000 	C:\WINDOWS\SYSTEM32\USERENV.dll
0x00007ff8daad0000 - 0x00007ff8daadc000 	C:\WINDOWS\SYSTEM32\CRYPTBASE.dll
0x00007ff8da5f0000 - 0x00007ff8da62b000 	C:\WINDOWS\SYSTEM32\IPHLPAPI.DLL
0x00007ff8dcb90000 - 0x00007ff8dcb98000 	C:\WINDOWS\System32\NSI.dll
0x00007ff8d2ed0000 - 0x00007ff8d2ee7000 	C:\WINDOWS\SYSTEM32\dhcpcsvc6.DLL
0x00007ff8d38c0000 - 0x00007ff8d38dd000 	C:\WINDOWS\SYSTEM32\dhcpcsvc.DLL
0x00007ff8da640000 - 0x00007ff8da70a000 	C:\WINDOWS\SYSTEM32\DNSAPI.dll
0x00007ff8abd50000 - 0x00007ff8abd95000 	C:\Users\DELL\AppData\Local\Temp\jna-2094529\jna2524280544748412771.dll
0x00007ff8dcf00000 - 0x00007ff8dcf08000 	C:\WINDOWS\System32\PSAPI.DLL
0x00007ff8d2160000 - 0x00007ff8d216e000 	C:\Users\DELL\.vscode\extensions\redhat.java-1.33.0-win32-x64\jre\17.0.11-win32-x86_64\bin\sunmscapi.dll
0x00007ff8db8b0000 - 0x00007ff8dba0c000 	C:\WINDOWS\System32\CRYPT32.dll
0x00007ff8dacb0000 - 0x00007ff8dacd7000 	C:\WINDOWS\SYSTEM32\ncrypt.dll
0x00007ff8dac70000 - 0x00007ff8dacab000 	C:\WINDOWS\SYSTEM32\NTASN1.dll

dbghelp: loaded successfully - version: 4.0.5 - missing functions: none
symbol engine: initialized successfully - sym options: 0x614 - pdb path: .;c:\Users\DELL\.vscode\extensions\redhat.java-1.33.0-win32-x64\jre\17.0.11-win32-x86_64\bin;C:\WINDOWS\SYSTEM32;C:\WINDOWS\WinSxS\amd64_microsoft.windows.common-controls_6595b64144ccf1df_6.0.19041.4355_none_60b8b9eb71f62e16;c:\Users\DELL\.vscode\extensions\redhat.java-1.33.0-win32-x64\jre\17.0.11-win32-x86_64\bin\server;C:\Users\DELL\AppData\Roaming\Code\User\globalStorage\redhat.java\1.33.0\config_win\org.eclipse.equinox.launcher\org.eclipse.equinox.launcher.win32.win32.x86_64_1.2.1100.v20240722-2106;C:\Users\DELL\AppData\Local\Temp\jna-2094529

VM Arguments:
jvm_args: --add-modules=ALL-SYSTEM --add-opens=java.base/java.util=ALL-UNNAMED --add-opens=java.base/java.lang=ALL-UNNAMED --add-opens=java.base/sun.nio.fs=ALL-UNNAMED -Declipse.application=org.eclipse.jdt.ls.core.id1 -Dosgi.bundles.defaultStartLevel=4 -Declipse.product=org.eclipse.jdt.ls.core.product -Djava.import.generatesMetadataFilesAtProjectRoot=false -DDetectVMInstallationsJob.disabled=true -Dfile.encoding=utf8 -XX:+UseParallelGC -XX:GCTimeRatio=4 -XX:AdaptiveSizePolicyWeight=90 -Dsun.zip.disableMemoryMapping=true -Xmx1G -Xms100m -Xlog:disable -javaagent:c:\Users\DELL\.vscode\extensions\redhat.java-1.33.0-win32-x64\lombok\lombok-1.18.33.jar -XX:+HeapDumpOnOutOfMemoryError -XX:HeapDumpPath=c:\Users\DELL\AppData\Roaming\Code\User\workspaceStorage\6cce169fdd8ab8dfb576b09938951007\redhat.java -Daether.dependencyCollector.impl=bf 
java_command: c:\Users\DELL\.vscode\extensions\redhat.java-1.33.0-win32-x64\server\plugins\org.eclipse.equinox.launcher_1.6.900.v20240613-2009.jar -configuration c:\Users\DELL\AppData\Roaming\Code\User\globalStorage\redhat.java\1.33.0\config_win -data c:\Users\DELL\AppData\Roaming\Code\User\workspaceStorage\6cce169fdd8ab8dfb576b09938951007\redhat.java\jdt_ws --pipe=\\.\pipe\lsp-87eddf31ebc810e64b36b64780bacf2e-sock
java_class_path (initial): c:\Users\DELL\.vscode\extensions\redhat.java-1.33.0-win32-x64\server\plugins\org.eclipse.equinox.launcher_1.6.900.v20240613-2009.jar
Launcher Type: SUN_STANDARD

[Global flags]
    uintx AdaptiveSizePolicyWeight                 = 90                                        {product} {command line}
     intx CICompilerCount                          = 3                                         {product} {ergonomic}
    uintx GCTimeRatio                              = 4                                         {product} {command line}
     bool HeapDumpOnOutOfMemoryError               = true                                   {manageable} {command line}
    ccstr HeapDumpPath                             = c:\Users\DELL\AppData\Roaming\Code\User\workspaceStorage\6cce169fdd8ab8dfb576b09938951007\redhat.java         {manageable} {command line}
   size_t InitialHeapSize                          = 104857600                                 {product} {command line}
   size_t MaxHeapSize                              = 1073741824                                {product} {command line}
   size_t MaxNewSize                               = 357564416                                 {product} {ergonomic}
   size_t MinHeapDeltaBytes                        = 524288                                    {product} {ergonomic}
   size_t MinHeapSize                              = 104857600                                 {product} {command line}
   size_t NewSize                                  = 34603008                                  {product} {ergonomic}
    uintx NonNMethodCodeHeapSize                   = 5832780                                {pd product} {ergonomic}
    uintx NonProfiledCodeHeapSize                  = 122912730                              {pd product} {ergonomic}
   size_t OldSize                                  = 70254592                                  {product} {ergonomic}
    uintx ProfiledCodeHeapSize                     = 122912730                              {pd product} {ergonomic}
    uintx ReservedCodeCacheSize                    = 251658240                              {pd product} {ergonomic}
     bool SegmentedCodeCache                       = true                                      {product} {ergonomic}
   size_t SoftMaxHeapSize                          = 1073741824                             {manageable} {ergonomic}
     bool UseCompressedClassPointers               = true                           {product lp64_product} {ergonomic}
     bool UseCompressedOops                        = true                           {product lp64_product} {ergonomic}
     bool UseLargePagesIndividualAllocation        = false                                  {pd product} {ergonomic}
     bool UseParallelGC                            = true                                      {product} {command line}

Logging:
Log output configuration:
 #0: stdout all=off uptime,level,tags
 #1: stderr all=off uptime,level,tags

Environment Variables:
PATH=C:\Program Files\Microsoft MPI\Bin\;c:\Users\DELL\AppData\Local\Programs\cursor\resources\app\bin;C:\Program Files\Common Files\Oracle\Java\javapath;C:\Program Files (x86)\Common Files\Oracle\Java\java8path;C:\Program Files (x86)\Common Files\Oracle\Java\javapath;C:\WINDOWS\system32;C:\WINDOWS;C:\WINDOWS\System32\Wbem;C:\WINDOWS\System32\WindowsPowerShell\v1.0\;C:\WINDOWS\System32\OpenSSH\;C:\Program Files\Microsoft SQL Server\Client SDK\ODBC\170\Tools\Binn\;C:\Program Files (x86)\Microsoft SQL Server\150\Tools\Binn\;C:\Program Files\Microsoft SQL Server\150\Tools\Binn\;C:\Program Files\Microsoft SQL Server\150\DTS\Binn\;C:\Program Files\Microsoft SQL Server\130\Tools\Binn\;C:\Program Files\Microsoft SQL Server\130\DTS\Binn\;C:\Program Files\Microsoft SQL Server\140\DTS\Binn\;C:\Program Files\Microsoft SQL Server\160\DTS\Binn\;C:\Program Files\dotnet\;C:\Program Files (x86)\Windows Kits\10\Windows Performance Toolkit\;C:\Program Files\Git\cmd;C:\Program Files\nodejs\;C:\ProgramData\choco;C:\Program Files (x86)\Microsoft SQL Server\160\Tools\Binn\;C:\Program Files\Microsoft SQL Server\160\Tools\Binn\;D:\TODO\Aplicaciones\apache-maven-3.9.9\bin;;C:\Program Files\Docker\Docker\resources\bin;C:\Users\DELL\AppData\Local\Programs\Python\Python312;C:\Users\DELL\AppData\Local\Programs\Python\Python312\Scripts;C:\Users\DELL\AppData\Local\Programs\Python\Launcher\;C:\Users\DELL\AppData\Local\Microsoft\WindowsApps;C:\Program Files\Azure Data Studio\bin;C:\Users\DELL\AppData\Local\Programs\Microsoft VS Code\bin;C:\Users\DELL\.dotnet\tools;C:\Users\DELL\AppData\Roaming\npm
USERNAME=DELL
OS=Windows_NT
PROCESSOR_IDENTIFIER=Intel64 Family 6 Model 142 Stepping 9, GenuineIntel
TMP=C:\Users\DELL\AppData\Local\Temp
TEMP=C:\Users\DELL\AppData\Local\Temp



Periodic native trim disabled


---------------  S Y S T E M  ---------------

OS:
 Windows 10 , 64 bit Build 19041 (10.0.19041.5072)
OS uptime: 0 days 0:48 hours
Hyper-V role detected

CPU: total 4 (initial active 4) (2 cores per cpu, 2 threads per core) family 6 model 142 stepping 9 microcode 0xf6, cx8, cmov, fxsr, ht, mmx, 3dnowpref, sse, sse2, sse3, ssse3, sse4.1, sse4.2, popcnt, lzcnt, tsc, tscinvbit, avx, avx2, aes, erms, clmul, bmi1, bmi2, adx, fma, vzeroupper, clflush, clflushopt, hv
Processor Information for all 4 processors :
  Max Mhz: 2701, Current Mhz: 2701, Mhz Limit: 2701

Memory: 4k page, system-wide physical 8052M (939M free)
TotalPageFile size 14964M (AvailPageFile size 3002M)
current process WorkingSet (physical memory assigned to process): 343M, peak: 348M
current process commit charge ("private bytes"): 364M, peak: 376M

vm_info: OpenJDK 64-Bit Server VM (17.0.11+9) for windows-amd64 JRE (17.0.11+9), built on Apr 17 2024 06:07:48 by "admin" with MS VC++ 16.10 / 16.11 (VS2019)

END.
